{
  "stats": {
    "suites": 1,
    "tests": 1,
    "passes": 1,
    "pending": 0,
    "failures": 0,
    "start": "2023-11-03T13:54:29.390Z",
    "end": "2023-11-03T13:54:34.648Z",
    "duration": 5258,
    "testsRegistered": 1,
    "passPercent": 100,
    "pendingPercent": 0,
    "other": 0,
    "hasOther": false,
    "skipped": 0,
    "hasSkipped": false
  },
  "results": [
    {
      "uuid": "7a0b73a9-c4df-40fd-b91d-30451a066904",
      "title": "",
      "fullFile": "cypress\\e2e\\login_tests.cy.js",
      "file": "cypress\\e2e\\login_tests.cy.js",
      "beforeHooks": [],
      "afterHooks": [],
      "tests": [],
      "suites": [
        {
          "uuid": "826d8a92-4640-4292-9c4f-07284ff72fae",
          "title": "Login Tests",
          "fullFile": "",
          "file": "",
          "beforeHooks": [],
          "afterHooks": [],
          "tests": [
            {
              "title": "Login Correct",
              "fullTitle": "Login Tests Login Correct",
              "timedOut": null,
              "duration": 3089,
              "state": "passed",
              "speed": "fast",
              "pass": true,
              "fail": false,
              "pending": false,
              "context": null,
              "code": "loginPage.enterUsername('Some username 123');\nloginPage.enterPassword('123Qwerty');\nloginPage.clickLogin();\ncy.contains(/please enter a valid email address/i).should('be.visible');",
              "err": {},
              "uuid": "ef102fed-5452-4e29-9721-3d1d27d756a2",
              "parentUUID": "826d8a92-4640-4292-9c4f-07284ff72fae",
              "isHook": false,
              "skipped": false
            }
          ],
          "suites": [],
          "passes": [
            "ef102fed-5452-4e29-9721-3d1d27d756a2"
          ],
          "failures": [],
          "pending": [],
          "skipped": [],
          "duration": 3089,
          "root": false,
          "rootEmpty": false,
          "_timeout": 2000
        }
      ],
      "passes": [],
      "failures": [],
      "pending": [],
      "skipped": [],
      "duration": 0,
      "root": true,
      "rootEmpty": true,
      "_timeout": 2000
    }
  ],
  "meta": {
    "mocha": {
      "version": "7.0.1"
    },
    "mochawesome": {
      "options": {
        "quiet": false,
        "reportFilename": "mochawesome",
        "saveHtml": true,
        "saveJson": true,
        "consoleReporter": "spec",
        "useInlineDiffs": false,
        "code": true
      },
      "version": "7.1.3"
    },
    "marge": {
      "options": null,
      "version": "6.2.0"
    }
  }
}